c:\users\kimss\source\repos\ffmpeg_form\ffmpeg_form\x64\debug\vc143.pdb
c:\users\kimss\source\repos\ffmpeg_form\ffmpeg_form\x64\debug\.netframework,version=v4.7.2.assemblyattributes.obj
c:\users\kimss\source\repos\ffmpeg_form\ffmpeg_form\x64\debug\videorenderer.obj
c:\users\kimss\source\repos\ffmpeg_form\ffmpeg_form\x64\debug\main.obj
c:\users\kimss\source\repos\ffmpeg_form\ffmpeg_form\x64\debug\myform.obj
c:\users\kimss\source\repos\ffmpeg_form\ffmpeg_form\x64\debug\test.obj
c:\users\kimss\source\repos\ffmpeg_form\x64\debug\ffmpeg_form.exe
c:\users\kimss\source\repos\ffmpeg_form\ffmpeg_form\x64\debug\ffmpeg.obj
c:\users\kimss\source\repos\ffmpeg_form\ffmpeg_form\x64\debug\program.obj
c:\users\kimss\source\repos\ffmpeg_form\x64\debug\ffmpeg_form.pdb
c:\users\kimss\source\repos\ffmpeg_form\ffmpeg_form\x64\debug\ffmpeg_form.tlog\cl.command.1.tlog
c:\users\kimss\source\repos\ffmpeg_form\ffmpeg_form\x64\debug\ffmpeg_form.tlog\cl.items.tlog
c:\users\kimss\source\repos\ffmpeg_form\ffmpeg_form\x64\debug\ffmpeg_form.tlog\cl.read.1.tlog
c:\users\kimss\source\repos\ffmpeg_form\ffmpeg_form\x64\debug\ffmpeg_form.tlog\cl.write.1.tlog
c:\users\kimss\source\repos\ffmpeg_form\ffmpeg_form\x64\debug\ffmpeg_form.tlog\link.command.1.tlog
c:\users\kimss\source\repos\ffmpeg_form\ffmpeg_form\x64\debug\ffmpeg_form.tlog\link.read.1.tlog
c:\users\kimss\source\repos\ffmpeg_form\ffmpeg_form\x64\debug\ffmpeg_form.tlog\link.secondary.1.tlog
c:\users\kimss\source\repos\ffmpeg_form\ffmpeg_form\x64\debug\ffmpeg_form.tlog\link.write.1.tlog
c:\users\kimss\source\repos\ffmpeg_form\ffmpeg_form\x64\debug\ffmpeg_form.tlog\metagen.read.1.tlog
c:\users\kimss\source\repos\ffmpeg_form\ffmpeg_form\x64\debug\ffmpeg_form.tlog\metagen.write.1.tlog
c:\users\kimss\source\repos\ffmpeg_form\ffmpeg_form\x64\debug\ffmpeg_form.tlog\resgen.command.1.tlog
c:\users\kimss\source\repos\ffmpeg_form\ffmpeg_form\x64\debug\ffmpeg_form.tlog\resgen.read.1.tlog
c:\users\kimss\source\repos\ffmpeg_form\ffmpeg_form\x64\debug\ffmpeg_form.tlog\resgen.write.1.tlog
